<?xml version="1.0" encoding="UTF-8"?>
<!-- Generated by org.testng.reporters.JUnitReportReporter -->
<testsuite skipped="0" hostname="DESKTOP-IF656RJ" name="com.mahaseva.uitest.HoMePaGeTeSt" tests="2" failures="0" timestamp="28 Oct 2021 06:46:38 GMT" time="32.144" errors="0">
  <testcase name="verifyTitleOfHomePage" time="8.411" classname="com.mahaseva.uitest.HoMePaGeTeSt"/>
  <testcase name="verifyIfUserRedirectsToJoinPage" time="23.733" classname="com.mahaseva.uitest.HoMePaGeTeSt"/>
</testsuite> <!-- com.mahaseva.uitest.HoMePaGeTeSt -->
