<?xml version="1.0" encoding="UTF-8"?>
<!-- Generated by org.testng.reporters.JUnitReportReporter -->
<testsuite skipped="1" hostname="DESKTOP-IF656RJ" name="com.mahaseva.uitest.homepagetest.HomePageTest" tests="2" failures="0" timestamp="2021-10-26T11:26:55 IST" time="0.043" errors="1">
  <testcase name="verifyTitleOfHomePage" time="0.000" classname="com.mahaseva.uitest.homepagetest.HomePageTest">
    <skipped/>
  </testcase> <!-- verifyTitleOfHomePage -->
  <system-out/>
  <testcase name="setup" time="0.043" classname="com.mahaseva.uitest.homepagetest.HomePageTest">
    <error type="java.lang.NoSuchMethodError" message="com.google.common.collect.ImmutableList.toImmutableList()Ljava/util/stream/Collector;">
      <![CDATA[java.lang.NoSuchMethodError: com.google.common.collect.ImmutableList.toImmutableList()Ljava/util/stream/Collector;
at org.openqa.selenium.remote.CapabilitiesUtils.makeW3CSafe(CapabilitiesUtils.java:98)
at org.openqa.selenium.remote.CapabilitiesUtils.makeW3CSafe(CapabilitiesUtils.java:70)
at java.util.stream.ReferencePipeline$7$1.accept(ReferencePipeline.java:267)
at java.util.Collections$2.tryAdvance(Collections.java:4719)
at java.util.Collections$2.forEachRemaining(Collections.java:4727)
at java.util.stream.AbstractPipeline.copyInto(AbstractPipeline.java:482)
at java.util.stream.AbstractPipeline.wrapAndCopyInto(AbstractPipeline.java:472)
at java.util.stream.ReduceOps$ReduceOp.evaluateSequential(ReduceOps.java:708)
at java.util.stream.AbstractPipeline.evaluate(AbstractPipeline.java:234)
at java.util.stream.ReferencePipeline.collect(ReferencePipeline.java:499)
at org.openqa.selenium.remote.DriverCommand.NEW_SESSION(DriverCommand.java:65)
at org.openqa.selenium.remote.RemoteWebDriver.startSession(RemoteWebDriver.java:244)
at org.openqa.selenium.remote.RemoteWebDriver.<init>(RemoteWebDriver.java:166)
at org.openqa.selenium.chromium.ChromiumDriver.<init>(ChromiumDriver.java:89)
at org.openqa.selenium.chrome.ChromeDriver.<init>(ChromeDriver.java:99)
at org.openqa.selenium.chrome.ChromeDriver.<init>(ChromeDriver.java:86)
at org.openqa.selenium.chrome.ChromeDriver.<init>(ChromeDriver.java:41)
at com.mahasevakendra.keywords.UIKeywords.openBrowser(UIKeywords.java:50)
at com.mahasevakendra.config.BaseClass.setup(BaseClass.java:15)
at sun.reflect.NativeMethodAccessorImpl.invoke0(Native Method)
at sun.reflect.NativeMethodAccessorImpl.invoke(NativeMethodAccessorImpl.java:62)
at sun.reflect.DelegatingMethodAccessorImpl.invoke(DelegatingMethodAccessorImpl.java:43)
at java.lang.reflect.Method.invoke(Method.java:498)
at org.testng.internal.MethodInvocationHelper.invokeMethod(MethodInvocationHelper.java:134)
at org.testng.internal.MethodInvocationHelper.invokeMethodConsideringTimeout(MethodInvocationHelper.java:63)
at org.testng.internal.ConfigInvoker.invokeConfigurationMethod(ConfigInvoker.java:348)
at org.testng.internal.ConfigInvoker.invokeConfigurations(ConfigInvoker.java:302)
at org.testng.internal.TestInvoker.runConfigMethods(TestInvoker.java:695)
at org.testng.internal.TestInvoker.invokeMethod(TestInvoker.java:523)
at org.testng.internal.TestInvoker.invokeTestMethod(TestInvoker.java:173)
at org.testng.internal.MethodRunner.runInSequence(MethodRunner.java:46)
at org.testng.internal.TestInvoker$MethodInvocationAgent.invoke(TestInvoker.java:816)
at org.testng.internal.TestInvoker.invokeTestMethods(TestInvoker.java:146)
at org.testng.internal.TestMethodWorker.invokeTestMethods(TestMethodWorker.java:146)
at org.testng.internal.TestMethodWorker.run(TestMethodWorker.java:128)
at java.util.ArrayList.forEach(ArrayList.java:1259)
at org.testng.TestRunner.privateRun(TestRunner.java:766)
at org.testng.TestRunner.run(TestRunner.java:587)
at org.testng.SuiteRunner.runTest(SuiteRunner.java:384)
at org.testng.SuiteRunner.runSequentially(SuiteRunner.java:378)
at org.testng.SuiteRunner.privateRun(SuiteRunner.java:337)
at org.testng.SuiteRunner.run(SuiteRunner.java:286)
at org.testng.SuiteRunnerWorker.runSuite(SuiteRunnerWorker.java:53)
at org.testng.SuiteRunnerWorker.run(SuiteRunnerWorker.java:96)
at org.testng.TestNG.runSuitesSequentially(TestNG.java:1187)
at org.testng.TestNG.runSuitesLocally(TestNG.java:1109)
at org.testng.TestNG.runSuites(TestNG.java:1039)
at org.testng.TestNG.run(TestNG.java:1007)
at org.testng.remote.AbstractRemoteTestNG.run(AbstractRemoteTestNG.java:115)
at org.testng.remote.RemoteTestNG.initAndRun(RemoteTestNG.java:251)
at org.testng.remote.RemoteTestNG.main(RemoteTestNG.java:77)
]]>
    </error>
  </testcase> <!-- setup -->
  <system-out/>
</testsuite> <!-- com.mahaseva.uitest.homepagetest.HomePageTest -->
